<?xml version="1.0" encoding="UTF-8"?>
<robot generator="Robot 6.0.1 (Python 3.10.6 on win32)" generated="20221109 13:49:36.865" rpa="false" schemaversion="3">
<suite id="s1" name="Test Search Google" source="C:\Users\ADMIN\robot\test_search_google.robot">
<test id="s1-t1" name="Search case" line="20">
<kw name="เปิดเว็บ google.com">
<kw name="Open Browser" library="Selenium2Library">
<arg>${url}</arg>
<arg>${browser}</arg>
<doc>Opens a new browser instance to the optional ``url``.</doc>
<msg timestamp="20221109 13:49:37.326" level="INFO">Opening browser 'edge' to base url 'https://www.youtube.com/'.</msg>
<status status="PASS" starttime="20221109 13:49:37.325" endtime="20221109 13:49:50.944"/>
</kw>
<status status="PASS" starttime="20221109 13:49:37.325" endtime="20221109 13:49:50.944"/>
</kw>
<kw name="ค้นหาตาม keywords">
<kw name="Input Text" library="Selenium2Library">
<arg>name=search_query</arg>
<arg>${expected_result}</arg>
<doc>Types the given ``text`` into the text field identified by ``locator``.</doc>
<msg timestamp="20221109 13:49:50.947" level="INFO">Typing text 'ฉันคือดวงจันทร์ - MONICA' into text field 'name=search_query'.</msg>
<status status="PASS" starttime="20221109 13:49:50.946" endtime="20221109 13:49:51.881"/>
</kw>
<kw name="Submit Form" library="Selenium2Library">
<doc>Submits a form identified by ``locator``.</doc>
<msg timestamp="20221109 13:49:51.882" level="INFO">Submitting form 'None'.</msg>
<status status="PASS" starttime="20221109 13:49:51.882" endtime="20221109 13:49:55.454"/>
</kw>
<status status="PASS" starttime="20221109 13:49:50.945" endtime="20221109 13:49:55.454"/>
</kw>
<kw name="รอผลลัพธ์">
<kw name="Wait Until Page Contains" library="Selenium2Library">
<arg>${expected_result}</arg>
<doc>Waits until ``text`` appears on the current page.</doc>
<status status="PASS" starttime="20221109 13:49:55.455" endtime="20221109 13:49:56.265"/>
</kw>
<status status="PASS" starttime="20221109 13:49:55.455" endtime="20221109 13:49:56.265"/>
</kw>
<status status="PASS" starttime="20221109 13:49:37.324" endtime="20221109 13:49:56.268"/>
</test>
<status status="PASS" starttime="20221109 13:49:36.868" endtime="20221109 13:49:56.271"/>
</suite>
<statistics>
<total>
<stat pass="1" fail="0" skip="0">All Tests</stat>
</total>
<tag>
</tag>
<suite>
<stat pass="1" fail="0" skip="0" id="s1" name="Test Search Google">Test Search Google</stat>
</suite>
</statistics>
<errors>
</errors>
</robot>
